HealthMate/build/outputs/mapping/release/seeds.txt
com.cresco.HealthMate.Add_Profile
com.cresco.HealthMate.Add_Profile: Add_Profile()
com.cresco.HealthMate.Add_Profile: void onClick(android.view.View)
com.cresco.HealthMate.Add_Profile: void setDateOfBirth(android.view.View)
com.cresco.HealthMate.Add_Readings
com.cresco.HealthMate.Add_Readings: Add_Readings()
com.cresco.HealthMate.Add_Readings: void onClick(android.view.View)
com.cresco.HealthMate.Add_Readings: void setDate(android.view.View)
com.cresco.HealthMate.Add_Readings: void setTime(android.view.View)
com.cresco.HealthMate.AdnoteSettings
com.cresco.HealthMate.AdnoteSettings: AdnoteSettings()
com.cresco.HealthMate.AnimatedExpandableListView: void setAdapter(android.widget.ExpandableListAdapter)
com.cresco.HealthMate.AnimatedExpandableListView: int getAnimationDuration()
com.cresco.HealthMate.CircularImageView: void setBorderWidth(int)
com.cresco.HealthMate.CircularImageView: void setBorderColor(int)
com.cresco.HealthMate.Create_profile_choice
com.cresco.HealthMate.Create_profile_choice: Create_profile_choice()
com.cresco.HealthMate.Create_profile_choice: void onClick(android.view.View)
com.cresco.HealthMate.CrescoButton
com.cresco.HealthMate.CrescoButton: CrescoButton(android.content.Context,android.util.AttributeSet,int)
com.cresco.HealthMate.CrescoButton: CrescoButton(android.content.Context,android.util.AttributeSet)
com.cresco.HealthMate.CrescoButton: CrescoButton(android.content.Context)
com.cresco.HealthMate.CrescoEditText
com.cresco.HealthMate.CrescoEditText: CrescoEditText(android.content.Context,android.util.AttributeSet,int)
com.cresco.HealthMate.CrescoEditText: CrescoEditText(android.content.Context,android.util.AttributeSet)
com.cresco.HealthMate.CrescoEditText: CrescoEditText(android.content.Context)
com.cresco.HealthMate.CrescoTextView
com.cresco.HealthMate.CrescoTextView: CrescoTextView(android.content.Context,android.util.AttributeSet,int)
com.cresco.HealthMate.CrescoTextView: CrescoTextView(android.content.Context,android.util.AttributeSet)
com.cresco.HealthMate.CrescoTextView: CrescoTextView(android.content.Context)
com.cresco.HealthMate.Custom_keyboard
com.cresco.HealthMate.Custom_keyboard: Custom_keyboard()
com.cresco.HealthMate.Custom_keyboard: void onClick(android.view.View)
com.cresco.HealthMate.EndlessListView: void setListener(com.cresco.HealthMate.EndlessListView$EndlessListener)
com.cresco.HealthMate.EndlessListView: void setLoadingView(int)
com.cresco.HealthMate.EndlessListView: void setAdapter(com.cresco.HealthMate.EndlessAdapter)
com.cresco.HealthMate.Exit_Ad
com.cresco.HealthMate.Exit_Ad: Exit_Ad()
com.cresco.HealthMate.ExpandingLayout: int getExpandedHeight()
com.cresco.HealthMate.ExpandingLayout: void setExpandedHeight(int)
com.cresco.HealthMate.ExpandingLayout: void setSizeChangedListener(com.cresco.HealthMate.OnSizeChangedListener)
com.cresco.HealthMate.ExpandingListView
com.cresco.HealthMate.ExpandingListView: ExpandingListView(android.content.Context)
com.cresco.HealthMate.ExpandingListView: ExpandingListView(android.content.Context,android.util.AttributeSet)
com.cresco.HealthMate.ExpandingListView: ExpandingListView(android.content.Context,android.util.AttributeSet,int)
com.cresco.HealthMate.FacebookConnect: void onClick(android.view.View)
com.cresco.HealthMate.FirstScreen_Activity: void onClick(android.view.View)
com.cresco.HealthMate.FirstScreen_Activity: void OpenProfileMeasures(android.view.View)
com.cresco.HealthMate.GCMIntentServiceNew
com.cresco.HealthMate.GCMIntentServiceNew: GCMIntentServiceNew()
com.cresco.HealthMate.GcmBroadcastReceiver
com.cresco.HealthMate.GcmBroadcastReceiver: GcmBroadcastReceiver()
com.cresco.HealthMate.GraphActivity
com.cresco.HealthMate.GraphActivity: GraphActivity()
com.cresco.HealthMate.HealthMate_Landing
com.cresco.HealthMate.HealthMate_Landing: HealthMate_Landing()
com.cresco.HealthMate.HealthMate_Landing: void onClick(android.view.View)
...
com.google.android.gms.internal.hl$a
com.google.android.gms.internal.hl$a: com.google.android.gms.internal.hm CREATOR
com.google.android.gms.internal.hl$b
com.google.android.gms.internal.hl$b: com.google.android.gms.internal.hn CREATOR
com.google.android.gms.internal.hp
com.google.android.gms.internal.hp: com.google.android.gms.internal.hq CREATOR
com.google.android.gms.internal.hr
com.google.android.gms.internal.hr: com.google.android.gms.internal.hs CREATOR
com.google.android.gms.internal.if
com.google.android.gms.internal.if: com.google.android.gms.internal.ig CREATOR
com.google.android.gms.internal.ii: com.google.android.gms.internal.ii[] values()
com.google.android.gms.internal.ii: com.google.android.gms.internal.ii valueOf(java.lang.String)
com.google.android.gms.internal.ij
com.google.android.gms.internal.ij: android.os.Parcelable$Creator CREATOR
com.google.android.gms.internal.io
com.google.android.gms.internal.io: android.os.Parcelable$Creator CREATOR
com.google.android.gms.internal.jg$a
com.google.android.gms.internal.jg$a: com.google.android.gms.internal.jw CREATOR
com.google.android.gms.internal.ji
com.google.android.gms.internal.jj
com.google.android.gms.internal.jj: android.os.Parcelable$Creator CREATOR
com.google.android.gms.internal.kk
com.google.android.gms.internal.kk: com.google.android.gms.internal.kl CREATOR
com.google.android.gms.internal.km
com.google.android.gms.internal.km: com.google.android.gms.internal.kn CREATOR
com.google.android.gms.internal.ko
com.google.android.gms.internal.ko: com.google.android.gms.internal.kp CREATOR
com.google.android.gms.internal.ko$a
com.google.android.gms.internal.ko$a: com.google.android.gms.internal.kq CREATOR
com.google.android.gms.internal.kr$a
com.google.android.gms.internal.kr$a: com.google.android.gms.internal.kt CREATOR
com.google.android.gms.internal.ks
com.google.android.gms.internal.kv
com.google.android.gms.internal.kv: com.google.android.gms.internal.kw CREATOR
com.google.android.gms.internal.kv$a
com.google.android.gms.internal.kv$a: com.google.android.gms.internal.kx CREATOR
com.google.android.gms.internal.kv$b
com.google.android.gms.internal.kv$b: com.google.android.gms.internal.ku CREATOR
com.google.android.gms.internal.ky
com.google.android.gms.internal.ky: com.google.android.gms.internal.kz CREATOR
com.google.android.gms.internal.mq
com.google.android.gms.internal.mq: android.os.Parcelable$Creator CREATOR
com.google.android.gms.internal.ms
com.google.android.gms.internal.ms: android.os.Parcelable$Creator CREATOR
com.google.android.gms.internal.nd
com.google.android.gms.internal.nd: com.google.android.gms.internal.ne CREATOR
com.google.android.gms.internal.nl
com.google.android.gms.internal.nl: com.google.android.gms.internal.nm CREATOR
com.google.android.gms.internal.nn
com.google.android.gms.internal.nn: com.google.android.gms.internal.no CREATOR
com.google.android.gms.internal.nq
com.google.android.gms.internal.nq: com.google.android.gms.internal.nr CREATOR
com.google.android.gms.internal.ns
com.google.android.gms.internal.ns: com.google.android.gms.internal.nt CREATOR
com.google.android.gms.internal.nu
com.google.android.gms.internal.nu: com.google.android.gms.internal.nv CREATOR
com.google.android.gms.internal.nw
com.google.android.gms.internal.nw: com.google.android.gms.internal.nx CREATOR
com.google.android.gms.internal.ny
com.google.android.gms.internal.ny: com.google.android.gms.internal.nz CREATOR
com.google.android.gms.internal.oa
com.google.android.gms.internal.oa: com.google.android.gms.internal.ob CREATOR
com.google.android.gms.internal.oc
com.google.android.gms.internal.oc: android.os.Parcelable$Creator CREATOR
com.google.android.gms.internal.oe
com.google.android.gms.internal.oe: com.google.android.gms.internal.of CREATOR
com.google.android.gms.internal.oh
com.google.android.gms.internal.oh: com.google.android.gms.internal.oi CREATOR