HealthMate/build/outputs/mapping/release/usage.txt
com.cresco.HealthMate.ActivitySwitcher
com.cresco.HealthMate.ActivitySwitcher$AnimationFinishedListener
com.cresco.HealthMate.Add_Profile:
    android.widget.EditText et_height
    android.widget.EditText et_relation
    java.lang.String ls_height
    android.widget.ArrayAdapter adapter
    public static final java.lang.String URL_INSERT_DEVICE_PROFILE
    public static final java.lang.String URL_UPDATE_DEVICE_PROFILE
    public static final java.lang.String URL_DELETE_DEVICE_PROFILE
    private android.content.SharedPreferences mPrefs
    private static final java.lang.String PENDING_PUBLISH_KEY
    private com.facebook.UiLifecycleHelper uiHelper
    1875:1875:public void postOnWall(java.lang.String)
    1882:1971:public void loginToFacebook()
    2200:2219:public void postToWall()
    88:88:static synthetic android.content.SharedPreferences access$100(com.cresco.HealthMate.Add_Profile)
    88:88:static synthetic com.facebook.android.Facebook access$200(com.cresco.HealthMate.Add_Profile)
com.cresco.HealthMate.Add_Profile$5
com.cresco.HealthMate.Add_Profile$6
com.cresco.HealthMate.Add_Profile$Task_post
com.cresco.HealthMate.Add_Readings:
    com.cresco.HealthMate.CrescoEditText et_sys
    com.cresco.HealthMate.CrescoEditText et_dias
    com.cresco.HealthMate.CrescoEditText et_pulse
    com.cresco.HealthMate.CrescoEditText et_pos
    com.cresco.HealthMate.CrescoEditText et_loc
    com.cresco.HealthMate.CrescoEditText et_fasting
    com.cresco.HealthMate.CrescoEditText et_pp
    android.widget.ArrayAdapter genderAdapter
com.cresco.HealthMate.AdnoteSettings:
    android.widget.LinearLayout$LayoutParams ll_params
    public static final java.lang.String CLIENT_NAME
    public static final java.lang.String CLIENT_WEB_URL
    android.content.SharedPreferences recordCount_sp
    android.content.SharedPreferences$Editor sp_recordEditor
com.cresco.HealthMate.AnimatedExpandableListView:
    private static final int ANIMATION_DURATION
    106:107:public AnimatedExpandableListView(android.content.Context)
    110:111:public AnimatedExpandableListView(android.content.Context,android.util.AttributeSet)
    114:115:public AnimatedExpandableListView(android.content.Context,android.util.AttributeSet,int)
com.cresco.HealthMate.AnimatedExpandableListView$AnimatedExpandableListAdapter:
    private static final int STATE_IDLE
    private static final int STATE_EXPANDING
    private static final int STATE_COLLAPSING
com.cresco.HealthMate.AssetUtils:
    11:11:public AssetUtils()
com.cresco.HealthMate.BloodPressure_Master:
    public static final java.lang.String ID
    77:83:public android.database.Cursor getAlllist()
com.cresco.HealthMate.BuildConfig
com.cresco.HealthMate.CircularImageView
com.cresco.HealthMate.CommonUtilities
com.cresco.HealthMate.ConfirmDialog:
    32:56:public ConfirmDialog(android.content.Context)
com.cresco.HealthMate.Create_profile_choice:
    static final int REQ_CODE
com.cresco.HealthMate.CrescoToast
com.cresco.HealthMate.CrescoToast$1
com.cresco.HealthMate.Cresco_NF:
    public static android.content.Context context
    private static final java.lang.String TAG
    35:37:public Cresco_NF(android.content.Context)
    40:42:public static void showKB(android.app.Activity)
    50:52:public static void showKB(android.app.Dialog)
    55:57:public static void hideKB(android.app.Dialog)
    60:64:public static void showKB(android.content.Context)
    68:115:public static java.math.BigDecimal getAmount(java.lang.String)
    119:150:public static java.lang.Double getOpBalance(java.lang.String)
com.cresco.HealthMate.CustomArrayAdapter
com.cresco.HealthMate.CustomArrayAdapter$ViewHolder
com.cresco.HealthMate.Custom_keyboard:
    103:112:private void requestNewInterstitial()
...
com.google.android.gms.games.internal.api.GamesMetadataImpl$7
com.google.android.gms.games.internal.api.GamesMetadataImpl$8
com.google.android.gms.games.internal.api.GamesMetadataImpl$9
com.google.android.gms.games.internal.api.GamesMetadataImpl$LoadExtendedGamesImpl
com.google.android.gms.games.internal.api.GamesMetadataImpl$LoadExtendedGamesImpl$1
com.google.android.gms.games.internal.api.GamesMetadataImpl$LoadGameInstancesImpl
com.google.android.gms.games.internal.api.GamesMetadataImpl$LoadGameInstancesImpl$1
com.google.android.gms.games.internal.api.GamesMetadataImpl$LoadGameSearchSuggestionsImpl
com.google.android.gms.games.internal.api.GamesMetadataImpl$LoadGameSearchSuggestionsImpl$1
com.google.android.gms.games.internal.api.GamesMetadataImpl$LoadGamesImpl
com.google.android.gms.games.internal.api.GamesMetadataImpl$LoadGamesImpl$1
com.google.android.gms.games.internal.api.InvitationsImpl
com.google.android.gms.games.internal.api.InvitationsImpl$1
com.google.android.gms.games.internal.api.InvitationsImpl$2
com.google.android.gms.games.internal.api.InvitationsImpl$3
com.google.android.gms.games.internal.api.InvitationsImpl$LoadInvitationsImpl
com.google.android.gms.games.internal.api.InvitationsImpl$LoadInvitationsImpl$1
com.google.android.gms.games.internal.api.LeaderboardsImpl
com.google.android.gms.games.internal.api.LeaderboardsImpl$1
com.google.android.gms.games.internal.api.LeaderboardsImpl$10
com.google.android.gms.games.internal.api.LeaderboardsImpl$11
com.google.android.gms.games.internal.api.LeaderboardsImpl$2
com.google.android.gms.games.internal.api.LeaderboardsImpl$3
com.google.android.gms.games.internal.api.LeaderboardsImpl$4
com.google.android.gms.games.internal.api.LeaderboardsImpl$5
com.google.android.gms.games.internal.api.LeaderboardsImpl$6
com.google.android.gms.games.internal.api.LeaderboardsImpl$7
com.google.android.gms.games.internal.api.LeaderboardsImpl$8
com.google.android.gms.games.internal.api.LeaderboardsImpl$9
com.google.android.gms.games.internal.api.LeaderboardsImpl$LoadMetadataImpl
com.google.android.gms.games.internal.api.LeaderboardsImpl$LoadMetadataImpl$1
com.google.android.gms.games.internal.api.LeaderboardsImpl$LoadPlayerScoreImpl
com.google.android.gms.games.internal.api.LeaderboardsImpl$LoadPlayerScoreImpl$1
com.google.android.gms.games.internal.api.LeaderboardsImpl$LoadScoresImpl
com.google.android.gms.games.internal.api.LeaderboardsImpl$LoadScoresImpl$1
com.google.android.gms.games.internal.api.LeaderboardsImpl$SubmitScoreImpl
com.google.android.gms.games.internal.api.LeaderboardsImpl$SubmitScoreImpl$1
com.google.android.gms.games.internal.api.MultiplayerImpl
com.google.android.gms.games.internal.api.NotificationsImpl
com.google.android.gms.games.internal.api.NotificationsImpl$1
com.google.android.gms.games.internal.api.NotificationsImpl$1$1
com.google.android.gms.games.internal.api.NotificationsImpl$2
com.google.android.gms.games.internal.api.NotificationsImpl$2$1
com.google.android.gms.games.internal.api.NotificationsImpl$3
com.google.android.gms.games.internal.api.NotificationsImpl$3$1
com.google.android.gms.games.internal.api.NotificationsImpl$4
com.google.android.gms.games.internal.api.NotificationsImpl$5
com.google.android.gms.games.internal.api.NotificationsImpl$6
com.google.android.gms.games.internal.api.NotificationsImpl$ContactSettingLoadImpl
com.google.android.gms.games.internal.api.NotificationsImpl$ContactSettingLoadImpl$1
com.google.android.gms.games.internal.api.NotificationsImpl$ContactSettingUpdateImpl
com.google.android.gms.games.internal.api.NotificationsImpl$InboxCountImpl
com.google.android.gms.games.internal.api.NotificationsImpl$InboxCountImpl$1
com.google.android.gms.games.internal.api.PlayersImpl
com.google.android.gms.games.internal.api.PlayersImpl$1
com.google.android.gms.games.internal.api.PlayersImpl$10
com.google.android.gms.games.internal.api.PlayersImpl$11
com.google.android.gms.games.internal.api.PlayersImpl$12